[debug] [2025-02-18T22:11:51.366Z] ----------------------------------------------------------------------
[debug] [2025-02-18T22:11:51.369Z] Command:       C:\Program Files\nodejs\node.exe C:\Users\Tyler\AppData\Roaming\npm\node_modules\firebase-tools\lib\bin\firebase.js apps:create ANDROID --package-name com.oocemr
[debug] [2025-02-18T22:11:51.369Z] CLI Version:   13.31.1
[debug] [2025-02-18T22:11:51.369Z] Platform:      win32
[debug] [2025-02-18T22:11:51.369Z] Node Version:  v22.14.0
[debug] [2025-02-18T22:11:51.370Z] Time:          Tue Feb 18 2025 14:11:51 GMT-0800 (Pacific Standard Time)
[debug] [2025-02-18T22:11:51.370Z] ----------------------------------------------------------------------
[debug] 
[debug] [2025-02-18T22:11:51.616Z] > command requires scopes: ["email","openid","https://www.googleapis.com/auth/cloudplatformprojects.readonly","https://www.googleapis.com/auth/firebase","https://www.googleapis.com/auth/cloud-platform"]
[debug] [2025-02-18T22:11:51.616Z] > authorizing via signed-in user (tharris@acmoate.com)
[info] Create your ANDROID app in project ooc-emr:
[debug] [2025-02-18T22:12:07.954Z] Checked if tokens are valid: true, expires at: 1739919206937
[debug] [2025-02-18T22:12:07.955Z] Checked if tokens are valid: true, expires at: 1739919206937
[debug] [2025-02-18T22:12:07.956Z] >>> [apiv2][query] POST https://firebase.googleapis.com/v1beta1/projects/ooc-emr/androidApps [none]
[debug] [2025-02-18T22:12:07.956Z] >>> [apiv2][body] POST https://firebase.googleapis.com/v1beta1/projects/ooc-emr/androidApps {"displayName":"OOCEMR ANDROID App\\","packageName":"com.oocemr"}
[debug] [2025-02-18T22:12:08.275Z] <<< [apiv2][status] POST https://firebase.googleapis.com/v1beta1/projects/ooc-emr/androidApps 409
[debug] [2025-02-18T22:12:08.276Z] <<< [apiv2][body] POST https://firebase.googleapis.com/v1beta1/projects/ooc-emr/androidApps {"error":{"code":409,"message":"Requested entity already exists","status":"ALREADY_EXISTS"}}
[debug] [2025-02-18T22:12:08.276Z] Request to https://firebase.googleapis.com/v1beta1/projects/ooc-emr/androidApps had HTTP Error: 409, Requested entity already exists
[debug] [2025-02-18T22:12:08.278Z] FirebaseError: Request to https://firebase.googleapis.com/v1beta1/projects/ooc-emr/androidApps had HTTP Error: 409, Requested entity already exists
    at responseToError (C:\Users\Tyler\AppData\Roaming\npm\node_modules\firebase-tools\lib\responseToError.js:52:12)
    at RetryOperation._fn (C:\Users\Tyler\AppData\Roaming\npm\node_modules\firebase-tools\lib\apiv2.js:312:77)
    at process.processTicksAndRejections (node:internal/process/task_queues:105:5)
[error] 
[error] Error: Failed to create Android app for project ooc-emr. See firebase-debug.log for more info.
